<?xml version="1.0" encoding="UTF-8"?>
<testng-results skipped="0" failed="0" total="1" passed="1">
  <reporter-output>
  </reporter-output>
  <suite name="Default suite" duration-ms="339778" started-at="2023-12-02T13:29:14Z" finished-at="2023-12-02T13:34:54Z">
    <groups>
    </groups>
    <test name="Default test" duration-ms="339778" started-at="2023-12-02T13:29:14Z" finished-at="2023-12-02T13:34:54Z">
      <class name="org.project.CreateAccount">
        <test-method status="PASS" signature="tc01()[pri:0, instance:org.project.CreateAccount@19dfb72a]" name="tc01" is-config="true" duration-ms="51100" started-at="2023-12-02T18:59:14Z" finished-at="2023-12-02T19:00:06Z">
          <reporter-output>
          </reporter-output>
        </test-method> <!-- tc01 -->
        <test-method status="PASS" signature="tc02()[pri:0, instance:org.project.CreateAccount@19dfb72a]" name="tc02" duration-ms="288522" started-at="2023-12-02T19:00:06Z" finished-at="2023-12-02T19:04:54Z">
          <reporter-output>
          </reporter-output>
        </test-method> <!-- tc02 -->
        <test-method status="PASS" signature="tc03()[pri:0, instance:org.project.CreateAccount@19dfb72a]" name="tc03" is-config="true" duration-ms="0" started-at="2023-12-02T19:04:54Z" finished-at="2023-12-02T19:04:54Z">
          <reporter-output>
          </reporter-output>
        </test-method> <!-- tc03 -->
      </class> <!-- org.project.CreateAccount -->
    </test> <!-- Default test -->
  </suite> <!-- Default suite -->
</testng-results>
